[1120/190936.120:INFO:CONSOLE(1)] "Uncaught ReferenceError: start is not defined", source: file:///C:/Program%20Files/Google/Chrome/Application/119.0.6045.160/ (1)
[1120/190936.120:INFO:CONSOLE(2)] "Uncaught ReferenceError: onHasParentDirectory is not defined", source: file:///C:/Program%20Files/Google/Chrome/Application/119.0.6045.160/ (2)
[1120/190936.120:INFO:CONSOLE(3)] "Uncaught ReferenceError: addRow is not defined", source: file:///C:/Program%20Files/Google/Chrome/Application/119.0.6045.160/ (3)
[1120/190936.120:INFO:CONSOLE(4)] "Uncaught ReferenceError: addRow is not defined", source: file:///C:/Program%20Files/Google/Chrome/Application/119.0.6045.160/ (4)
[1120/190936.121:INFO:CONSOLE(5)] "Uncaught ReferenceError: addRow is not defined", source: file:///C:/Program%20Files/Google/Chrome/Application/119.0.6045.160/ (5)
[1120/190936.121:INFO:CONSOLE(6)] "Uncaught ReferenceError: addRow is not defined", source: file:///C:/Program%20Files/Google/Chrome/Application/119.0.6045.160/ (6)
[1120/190936.121:INFO:CONSOLE(7)] "Uncaught ReferenceError: addRow is not defined", source: file:///C:/Program%20Files/Google/Chrome/Application/119.0.6045.160/ (7)
[1120/190936.121:INFO:CONSOLE(8)] "Uncaught ReferenceError: addRow is not defined", source: file:///C:/Program%20Files/Google/Chrome/Application/119.0.6045.160/ (8)
[1120/190936.121:INFO:CONSOLE(9)] "Uncaught ReferenceError: addRow is not defined", source: file:///C:/Program%20Files/Google/Chrome/Application/119.0.6045.160/ (9)
[1120/190936.121:INFO:CONSOLE(10)] "Uncaught ReferenceError: addRow is not defined", source: file:///C:/Program%20Files/Google/Chrome/Application/119.0.6045.160/ (10)
[1120/190936.121:INFO:CONSOLE(11)] "Uncaught ReferenceError: addRow is not defined", source: file:///C:/Program%20Files/Google/Chrome/Application/119.0.6045.160/ (11)
[1120/190936.121:INFO:CONSOLE(12)] "Uncaught ReferenceError: addRow is not defined", source: file:///C:/Program%20Files/Google/Chrome/Application/119.0.6045.160/ (12)
[1120/190936.121:INFO:CONSOLE(13)] "Uncaught ReferenceError: addRow is not defined", source: file:///C:/Program%20Files/Google/Chrome/Application/119.0.6045.160/ (13)
[1120/190936.121:INFO:CONSOLE(14)] "Uncaught ReferenceError: addRow is not defined", source: file:///C:/Program%20Files/Google/Chrome/Application/119.0.6045.160/ (14)
[1120/190936.121:INFO:CONSOLE(15)] "Uncaught ReferenceError: addRow is not defined", source: file:///C:/Program%20Files/Google/Chrome/Application/119.0.6045.160/ (15)
[1120/190936.121:INFO:CONSOLE(16)] "Uncaught ReferenceError: addRow is not defined", source: file:///C:/Program%20Files/Google/Chrome/Application/119.0.6045.160/ (16)
[1120/190936.121:INFO:CONSOLE(17)] "Uncaught ReferenceError: addRow is not defined", source: file:///C:/Program%20Files/Google/Chrome/Application/119.0.6045.160/ (17)
[1120/190936.121:INFO:CONSOLE(18)] "Uncaught ReferenceError: addRow is not defined", source: file:///C:/Program%20Files/Google/Chrome/Application/119.0.6045.160/ (18)
[1120/190936.121:INFO:CONSOLE(19)] "Uncaught ReferenceError: addRow is not defined", source: file:///C:/Program%20Files/Google/Chrome/Application/119.0.6045.160/ (19)
[1120/190936.121:INFO:CONSOLE(20)] "Uncaught ReferenceError: addRow is not defined", source: file:///C:/Program%20Files/Google/Chrome/Application/119.0.6045.160/ (20)
[1120/190936.121:INFO:CONSOLE(21)] "Uncaught ReferenceError: addRow is not defined", source: file:///C:/Program%20Files/Google/Chrome/Application/119.0.6045.160/ (21)
[1120/190936.121:INFO:CONSOLE(22)] "Uncaught ReferenceError: addRow is not defined", source: file:///C:/Program%20Files/Google/Chrome/Application/119.0.6045.160/ (22)
[1120/190936.121:INFO:CONSOLE(23)] "Uncaught ReferenceError: addRow is not defined", source: file:///C:/Program%20Files/Google/Chrome/Application/119.0.6045.160/ (23)
[1120/190936.121:INFO:CONSOLE(24)] "Uncaught ReferenceError: addRow is not defined", source: file:///C:/Program%20Files/Google/Chrome/Application/119.0.6045.160/ (24)
[1120/190936.121:INFO:CONSOLE(25)] "Uncaught ReferenceError: addRow is not defined", source: file:///C:/Program%20Files/Google/Chrome/Application/119.0.6045.160/ (25)
[1120/190936.121:INFO:CONSOLE(26)] "Uncaught ReferenceError: addRow is not defined", source: file:///C:/Program%20Files/Google/Chrome/Application/119.0.6045.160/ (26)
[1120/190936.121:INFO:CONSOLE(27)] "Uncaught ReferenceError: addRow is not defined", source: file:///C:/Program%20Files/Google/Chrome/Application/119.0.6045.160/ (27)
[1120/190936.121:INFO:CONSOLE(28)] "Uncaught ReferenceError: addRow is not defined", source: file:///C:/Program%20Files/Google/Chrome/Application/119.0.6045.160/ (28)
[1120/190936.121:INFO:CONSOLE(29)] "Uncaught ReferenceError: addRow is not defined", source: file:///C:/Program%20Files/Google/Chrome/Application/119.0.6045.160/ (29)
[1120/190936.121:INFO:CONSOLE(30)] "Uncaught ReferenceError: addRow is not defined", source: file:///C:/Program%20Files/Google/Chrome/Application/119.0.6045.160/ (30)
[1120/190936.121:INFO:CONSOLE(31)] "Uncaught ReferenceError: addRow is not defined", source: file:///C:/Program%20Files/Google/Chrome/Application/119.0.6045.160/ (31)
[1120/190936.121:INFO:CONSOLE(32)] "Uncaught ReferenceError: addRow is not defined", source: file:///C:/Program%20Files/Google/Chrome/Application/119.0.6045.160/ (32)
[1120/190936.121:INFO:CONSOLE(33)] "Uncaught ReferenceError: addRow is not defined", source: file:///C:/Program%20Files/Google/Chrome/Application/119.0.6045.160/ (33)
[1120/190936.121:INFO:CONSOLE(34)] "Uncaught ReferenceError: addRow is not defined", source: file:///C:/Program%20Files/Google/Chrome/Application/119.0.6045.160/ (34)
[1120/190936.121:INFO:CONSOLE(35)] "Uncaught ReferenceError: addRow is not defined", source: file:///C:/Program%20Files/Google/Chrome/Application/119.0.6045.160/ (35)
[1120/190936.121:INFO:CONSOLE(36)] "Uncaught ReferenceError: addRow is not defined", source: file:///C:/Program%20Files/Google/Chrome/Application/119.0.6045.160/ (36)
[1120/190938.871:INFO:CONSOLE(1)] "Store Object 'Perfil' was not found", source:  (1)
[1120/190938.873:INFO:CONSOLE(0)] "[object PromiseRejectionEvent]", source:  (0)
[1120/190938.873:INFO:CONSOLE(1)] "Uncaught (in promise) TypeError: Cannot read properties of null (reading '__esModule')", source:  (1)
