[1025/224744.100:INFO:CONSOLE(1)] "Uncaught ReferenceError: start is not defined", source: file:///C:/Program%20Files/Google/Chrome/Application/118.0.5993.90/ (1)
[1025/224744.101:INFO:CONSOLE(2)] "Uncaught ReferenceError: onHasParentDirectory is not defined", source: file:///C:/Program%20Files/Google/Chrome/Application/118.0.5993.90/ (2)
[1025/224744.101:INFO:CONSOLE(3)] "Uncaught ReferenceError: addRow is not defined", source: file:///C:/Program%20Files/Google/Chrome/Application/118.0.5993.90/ (3)
[1025/224744.101:INFO:CONSOLE(4)] "Uncaught ReferenceError: addRow is not defined", source: file:///C:/Program%20Files/Google/Chrome/Application/118.0.5993.90/ (4)
[1025/224744.101:INFO:CONSOLE(5)] "Uncaught ReferenceError: addRow is not defined", source: file:///C:/Program%20Files/Google/Chrome/Application/118.0.5993.90/ (5)
[1025/224744.101:INFO:CONSOLE(6)] "Uncaught ReferenceError: addRow is not defined", source: file:///C:/Program%20Files/Google/Chrome/Application/118.0.5993.90/ (6)
[1025/224744.101:INFO:CONSOLE(7)] "Uncaught ReferenceError: addRow is not defined", source: file:///C:/Program%20Files/Google/Chrome/Application/118.0.5993.90/ (7)
[1025/224744.101:INFO:CONSOLE(8)] "Uncaught ReferenceError: addRow is not defined", source: file:///C:/Program%20Files/Google/Chrome/Application/118.0.5993.90/ (8)
[1025/224744.101:INFO:CONSOLE(9)] "Uncaught ReferenceError: addRow is not defined", source: file:///C:/Program%20Files/Google/Chrome/Application/118.0.5993.90/ (9)
[1025/224744.101:INFO:CONSOLE(10)] "Uncaught ReferenceError: addRow is not defined", source: file:///C:/Program%20Files/Google/Chrome/Application/118.0.5993.90/ (10)
[1025/224744.101:INFO:CONSOLE(11)] "Uncaught ReferenceError: addRow is not defined", source: file:///C:/Program%20Files/Google/Chrome/Application/118.0.5993.90/ (11)
[1025/224744.101:INFO:CONSOLE(12)] "Uncaught ReferenceError: addRow is not defined", source: file:///C:/Program%20Files/Google/Chrome/Application/118.0.5993.90/ (12)
[1025/224744.101:INFO:CONSOLE(13)] "Uncaught ReferenceError: addRow is not defined", source: file:///C:/Program%20Files/Google/Chrome/Application/118.0.5993.90/ (13)
[1025/224744.101:INFO:CONSOLE(14)] "Uncaught ReferenceError: addRow is not defined", source: file:///C:/Program%20Files/Google/Chrome/Application/118.0.5993.90/ (14)
[1025/224744.101:INFO:CONSOLE(15)] "Uncaught ReferenceError: addRow is not defined", source: file:///C:/Program%20Files/Google/Chrome/Application/118.0.5993.90/ (15)
[1025/224744.101:INFO:CONSOLE(16)] "Uncaught ReferenceError: addRow is not defined", source: file:///C:/Program%20Files/Google/Chrome/Application/118.0.5993.90/ (16)
[1025/224744.101:INFO:CONSOLE(17)] "Uncaught ReferenceError: addRow is not defined", source: file:///C:/Program%20Files/Google/Chrome/Application/118.0.5993.90/ (17)
[1025/224744.101:INFO:CONSOLE(18)] "Uncaught ReferenceError: addRow is not defined", source: file:///C:/Program%20Files/Google/Chrome/Application/118.0.5993.90/ (18)
[1025/224744.101:INFO:CONSOLE(19)] "Uncaught ReferenceError: addRow is not defined", source: file:///C:/Program%20Files/Google/Chrome/Application/118.0.5993.90/ (19)
[1025/224744.101:INFO:CONSOLE(20)] "Uncaught ReferenceError: addRow is not defined", source: file:///C:/Program%20Files/Google/Chrome/Application/118.0.5993.90/ (20)
[1025/224744.101:INFO:CONSOLE(21)] "Uncaught ReferenceError: addRow is not defined", source: file:///C:/Program%20Files/Google/Chrome/Application/118.0.5993.90/ (21)
[1025/224744.101:INFO:CONSOLE(22)] "Uncaught ReferenceError: addRow is not defined", source: file:///C:/Program%20Files/Google/Chrome/Application/118.0.5993.90/ (22)
[1025/224744.101:INFO:CONSOLE(23)] "Uncaught ReferenceError: addRow is not defined", source: file:///C:/Program%20Files/Google/Chrome/Application/118.0.5993.90/ (23)
[1025/224744.101:INFO:CONSOLE(24)] "Uncaught ReferenceError: addRow is not defined", source: file:///C:/Program%20Files/Google/Chrome/Application/118.0.5993.90/ (24)
[1025/224744.101:INFO:CONSOLE(25)] "Uncaught ReferenceError: addRow is not defined", source: file:///C:/Program%20Files/Google/Chrome/Application/118.0.5993.90/ (25)
[1025/224744.101:INFO:CONSOLE(26)] "Uncaught ReferenceError: addRow is not defined", source: file:///C:/Program%20Files/Google/Chrome/Application/118.0.5993.90/ (26)
[1025/224744.101:INFO:CONSOLE(27)] "Uncaught ReferenceError: addRow is not defined", source: file:///C:/Program%20Files/Google/Chrome/Application/118.0.5993.90/ (27)
[1025/224744.101:INFO:CONSOLE(28)] "Uncaught ReferenceError: addRow is not defined", source: file:///C:/Program%20Files/Google/Chrome/Application/118.0.5993.90/ (28)
[1025/224744.101:INFO:CONSOLE(29)] "Uncaught ReferenceError: addRow is not defined", source: file:///C:/Program%20Files/Google/Chrome/Application/118.0.5993.90/ (29)
[1025/224744.101:INFO:CONSOLE(30)] "Uncaught ReferenceError: addRow is not defined", source: file:///C:/Program%20Files/Google/Chrome/Application/118.0.5993.90/ (30)
[1025/224744.101:INFO:CONSOLE(31)] "Uncaught ReferenceError: addRow is not defined", source: file:///C:/Program%20Files/Google/Chrome/Application/118.0.5993.90/ (31)
[1025/224744.101:INFO:CONSOLE(32)] "Uncaught ReferenceError: addRow is not defined", source: file:///C:/Program%20Files/Google/Chrome/Application/118.0.5993.90/ (32)
[1025/224744.101:INFO:CONSOLE(33)] "Uncaught ReferenceError: addRow is not defined", source: file:///C:/Program%20Files/Google/Chrome/Application/118.0.5993.90/ (33)
[1025/224744.101:INFO:CONSOLE(34)] "Uncaught ReferenceError: addRow is not defined", source: file:///C:/Program%20Files/Google/Chrome/Application/118.0.5993.90/ (34)
[1025/224744.101:INFO:CONSOLE(35)] "Uncaught ReferenceError: addRow is not defined", source: file:///C:/Program%20Files/Google/Chrome/Application/118.0.5993.90/ (35)
[1025/224746.640:INFO:CONSOLE(1)] "Store Object 'Perfil' was not found", source:  (1)
[1025/224746.641:INFO:CONSOLE(0)] "[object PromiseRejectionEvent]", source:  (0)
[1025/224746.641:INFO:CONSOLE(1)] "Uncaught (in promise) TypeError: Cannot read properties of null (reading '__esModule')", source:  (1)
[1025/224755.450:INFO:CONSOLE(7)] "Another connection wants to delete database 'wawc_db_enc'. Closing db now to resume the delete request.", source: https://web.whatsapp.com/vendor1~app.be50aaad33253076fc3f.js (7)
[1025/224755.450:INFO:CONSOLE(1)] "Another connection wants to delete database 'wawc_db_enc'. Closing db now to resume the delete request.", source: https://web.whatsapp.com/WAWebWorker.c409864476ed07cfacdb.worker.js (1)
[1025/224755.762:INFO:CONSOLE(0)] "Error with Permissions-Policy header: Unrecognized feature: 'ambient-light-sensor'.", source:  (0)
[1025/224755.834:INFO:CONSOLE(7)] "Another connection wants to delete database 'wawc'. Closing db now to resume the delete request.", source: https://web.whatsapp.com/vendor1~app.6470964955d882fdfd6f.js (7)
[1025/224755.973:INFO:CONSOLE(0)] "Error with Permissions-Policy header: Unrecognized feature: 'ambient-light-sensor'.", source:  (0)
[1025/224756.032:INFO:CONSOLE(7)] "Another connection wants to delete database 'wawc'. Closing db now to resume the delete request.", source: https://web.whatsapp.com/vendor1~app.6470964955d882fdfd6f.js (7)
[1025/224757.306:INFO:CONSOLE(2)] "func is not an exported function", source:  (2)
[1025/224757.594:INFO:CONSOLE(1)] "Store Object 'Perfil' was not found", source:  (1)
[1025/224757.595:INFO:CONSOLE(0)] "[object PromiseRejectionEvent]", source:  (0)
[1025/224757.595:INFO:CONSOLE(1)] "Uncaught (in promise) TypeError: Cannot read properties of null (reading '__esModule')", source:  (1)
[1025/224758.305:INFO:CONSOLE(2)] "func is not an exported function", source:  (2)
[1025/224758.305:INFO:CONSOLE(2)] "func is not an exported function", source:  (2)
